src/lib/locale-storage-maintenance-import-export.ts(57,5): error TS2375: Type '{ preference: UserLocalePreference | undefined; override: Locale | undefined; history: LocaleDetectionHistory | undefined; version: string; timestamp: number; metadata: { ...; }; }' is not assignable to type 'ExportData' with 'exactOptionalPropertyTypes: true'. Consider adding 'undefined' to the types of the target's properties.
  Types of property 'preference' are incompatible.
    Type 'UserLocalePreference | undefined' is not assignable to type 'UserLocalePreference'.
      Type 'undefined' is not assignable to type 'UserLocalePreference'.
src/lib/locale-storage-maintenance-operations.ts(18,3): error TS2305: Module '"./locale-storage-types"' has no exported member 'MaintenanceOptions'.
src/lib/locale-storage-maintenance-operations.ts(268,15): error TS2739: Type '{ detections: LocaleDetectionRecord[]; lastUpdated: number; }' is missing the following properties from type 'LocaleDetectionHistory': history, totalDetections
src/lib/locale-storage-maintenance.ts(24,3): error TS2305: Module '"./locale-storage-types"' has no exported member 'MaintenanceOptions'.
src/lib/locale-storage-maintenance.ts(25,3): error TS2305: Module '"./locale-storage-types"' has no exported member 'ExportData'.
src/lib/locale-storage-maintenance.ts(26,3): error TS2305: Module '"./locale-storage-types"' has no exported member 'ImportData'.
src/lib/locale-storage-manager.ts(31,10): error TS2305: Module '"./locale-storage-analytics"' has no exported member 'LocaleAnalyticsManager'.
src/lib/locale-storage-manager.ts(33,61): error TS2305: Module '"./locale-storage-types"' has no exported member 'MaintenanceOptions'.
src/lib/locale-storage-manager.ts(96,5): error TS2739: Type 'StorageOperationResult<LocaleDetectionHistory>' is missing the following properties from type 'LocaleDetectionHistory': detections, history, lastUpdated, totalDetections
src/lib/locale-storage-preference-events/system-manager.ts(64,5): error TS2322: Type 'number | null | undefined' is not assignable to type 'number | null'.
  Type 'undefined' is not assignable to type 'number | null'.
src/lib/locale-storage-preference-override.ts(96,9): error TS2367: This comparison appears to be unintentional because the types 'LocaleSource' and '"user_override"' have no overlap.
src/lib/locale-storage-preference-override.ts(140,9): error TS2367: This comparison appears to be unintentional because the types 'LocaleSource' and '"user_override"' have no overlap.
src/lib/locale-storage-preference-override.ts(190,10): error TS2367: This comparison appears to be unintentional because the types 'LocaleSource | undefined' and '"user_override"' have no overlap.
src/lib/locale-storage-preference-override.ts(285,5): error TS2322: Type 'number | undefined' is not assignable to type 'number | null'.
  Type 'undefined' is not assignable to type 'number | null'.
src/lib/locale-storage-types-config/presets.ts(116,5): error TS2739: Type '{ enabled: true; conflictResolution: "server"; authentication: { type: "oauth"; credentials: {}; }; }' is missing the following properties from type 'StorageSyncConfig': interval, retryAttempts, timeout
src/lib/locale-storage-types-utils/type-guards.ts(59,59): error TS2304: Cannot find name 'StorageConfig'.
src/lib/locale-storage-types-utils/type-guards.ts(65,22): error TS2304: Cannot find name 'StorageConfig'.
src/lib/locale-storage-types-utils/type-guards.ts(66,22): error TS2304: Cannot find name 'StorageConfig'.
src/lib/locale-storage-types.ts(23,15): error TS2459: Module '"./locale-storage-types-data"' declares 'LocaleSource' locally, but it is not exported.
src/lib/locale-storage-types.ts(60,3): error TS2552: Cannot find name 'StorageEventType'. Did you mean 'StorageEvent'?
src/lib/locale-storage-types.ts(63,3): error TS2552: Cannot find name 'UserLocalePreference'. Did you mean 'isUserLocalePreference'?
src/lib/locale-storage-types.ts(65,3): error TS2552: Cannot find name 'LocaleDetectionHistory'. Did you mean 'isLocaleDetectionHistory'?
src/lib/locale-storage-types.ts(67,3): error TS2661: Cannot export 'StorageEvent'. Only local declarations can be exported from a module.
src/lib/locale-storage-types.ts(68,3): error TS2552: Cannot find name 'StorageEventListener'. Did you mean 'addEventListener'?
src/lib/locale-storage-types.ts(71,3): error TS2552: Cannot find name 'StorageConfig'. Did you mean 'isStorageConfig'?
src/lib/metadata.ts(2,15): error TS2206: The 'type' modifier cannot be used on a named import when 'import type' is used on its import statement.
src/lib/performance-monitoring-constants.ts(72,20): error TS2304: Cannot find name 'MAGIC_80'.
src/lib/performance-monitoring-constants.ts(76,15): error TS2304: Cannot find name 'MAGIC_40'.
src/lib/performance-monitoring-constants.ts(129,25): error TS2304: Cannot find name 'MAGIC_512'.
src/lib/performance-monitoring-core-config.ts(173,14): error TS2698: Spread types may only be created from object types.
src/lib/performance-monitoring-core-config.ts(185,7): error TS2698: Spread types may only be created from object types.
src/lib/performance-monitoring-core-config.ts(358,5): error TS2375: Type '{ reactScan?: ReactScanConfig; webEvalAgent?: WebEvalAgentConfig; bundleAnalyzer?: BundleAnalyzerConfig; ... 6 more ...; global?: { enabled: boolean; dataRetentionTime: number; maxMetrics: number; enableInProduction: boolean; }; }' is not assignable to type 'PerformanceConfig' with 'exactOptionalPropertyTypes: true'. Consider adding 'undefined' to the types of the target's properties.
  Property 'reactScan' is optional in type '{ reactScan?: ReactScanConfig; webEvalAgent?: WebEvalAgentConfig; bundleAnalyzer?: BundleAnalyzerConfig; sizeLimit?: SizeLimitConfig; ... 5 more ...; global?: { ...; }; }' but required in type 'PerformanceConfig'.
src/lib/performance-monitoring-core-metrics.ts(370,30): error TS2683: 'this' implicitly has type 'any' because it does not have a type annotation.
src/lib/performance-monitoring-core.ts(85,26): error TS2304: Cannot find name 'PerformanceMetricType'.
src/lib/performance-monitoring-core.ts(93,30): error TS2304: Cannot find name 'PerformanceMetricSource'.
src/lib/security-file-upload.ts(146,41): error TS2345: Argument of type 'string' is not assignable to parameter of type '".exe" | ".bat" | ".cmd" | ".scr" | ".com" | ".pif" | ".vbs" | ".js" | ".jar" | ".msi" | ".dll" | ".app" | ".deb" | ".rpm" | ".dmg" | ".pkg" | ".sh" | ".ps1" | ".php" | ".asp" | ".aspx" | ".jsp"'.
src/lib/security-file-upload.ts(269,45): error TS2345: Argument of type 'string' is not assignable to parameter of type '"image/jpeg" | "image/png" | "image/gif" | "image/webp" | "image/svg+xml"'.
src/lib/security-file-upload.ts(276,48): error TS2345: Argument of type 'string' is not assignable to parameter of type '"text/plain" | "text/csv" | "application/vnd.ms-excel" | "application/pdf" | "application/msword" | "application/vnd.openxmlformats-officedocument.wordprocessingml.document" | "application/vnd.openxmlformats-officedocument.spreadsheetml.sheet"'.
src/lib/security-file-upload.ts(284,24): error TS2345: Argument of type 'string' is not assignable to parameter of type 'never'.
src/lib/security-file-upload.ts(331,39): error TS2345: Argument of type 'File | undefined' is not assignable to parameter of type 'File'.
  Type 'undefined' is not assignable to type 'File'.
src/lib/security.ts(14,3): error TS2323: Cannot redeclare exported variable 'sanitizeInput'.
src/lib/security.ts(14,3): error TS2484: Export declaration conflicts with exported declaration of 'sanitizeInput'.
src/lib/security.ts(111,17): error TS2323: Cannot redeclare exported variable 'sanitizeInput'.
src/lib/translation-manager-core.ts(11,14): error TS2420: Class 'TranslationManagerCore' incorrectly implements interface 'TranslationQualityCheck'.
  Type 'TranslationManagerCore' is missing the following properties from type 'TranslationQualityCheck': checkLingoTranslation, validateTranslationConsistency
src/lib/translation-manager-quality.ts(45,9): error TS2345: Argument of type 'Record<string, string>' is not assignable to parameter of type 'string'.
src/lib/translation-manager-quality.ts(48,22): error TS2488: Type 'QualityScore' must have a '[Symbol.iterator]()' method that returns an iterator.
src/lib/translation-manager-quality.ts(51,73): error TS2345: Argument of type 'QualityScore' is not assignable to parameter of type 'QualityIssue[]'.
  Type 'QualityScore' is missing the following properties from type 'QualityIssue[]': length, pop, push, concat, and 35 more.
src/lib/translation-manager-quality.ts(60,9): error TS2740: Type 'QualityScore' is missing the following properties from type 'QualityIssue[]': length, pop, push, concat, and 35 more.
src/lib/translation-manager-quality.ts(64,42): error TS2345: Argument of type 'QualityScore' is not assignable to parameter of type 'QualityIssue[]'.
  Type 'QualityScore' is missing the following properties from type 'QualityIssue[]': length, pop, push, concat, and 35 more.
src/lib/translation-manager-quality.ts(73,7): error TS2353: Object literal may only specify known properties, and 'byLocale' does not exist in type 'ValidationReport'.
src/lib/translation-manager-quality.ts(77,47): error TS2367: This comparison appears to be unintentional because the types '"low" | "medium" | "high" | "critical"' and '"warning"' have no overlap.
src/lib/translation-manager-quality.ts(78,44): error TS2367: This comparison appears to be unintentional because the types '"low" | "medium" | "high" | "critical"' and '"info"' have no overlap.
src/lib/translation-manager-quality.ts(96,9): error TS2353: Object literal may only specify known properties, and 'period' does not exist in type 'QualityTrend[]'.
src/lib/translation-manager-quality.ts(124,11): error TS2353: Object literal may only specify known properties, and 'locale' does not exist in type 'QualityIssue'.
src/lib/translation-manager-quality.ts(158,11): error TS2353: Object literal may only specify known properties, and 'locale' does not exist in type 'QualityIssue'.
src/lib/translation-manager-quality.ts(205,57): error TS2367: This comparison appears to be unintentional because the types '"low" | "medium" | "high" | "critical"' and '"warning"' have no overlap.
src/lib/translation-manager.ts(14,14): error TS2420: Class 'TranslationManager' incorrectly implements interface 'TranslationQualityCheck'.
  Type 'TranslationManager' is missing the following properties from type 'TranslationQualityCheck': checkLingoTranslation, validateTranslationConsistency
src/lib/translation-quality.ts(12,3): error TS2305: Module '"@/types/translation-manager"' has no exported member 'BatchTranslationInput'.
src/lib/translation-quality.ts(13,3): error TS2305: Module '"@/types/translation-manager"' has no exported member 'QualityComparison'.
src/lib/web-vitals/alert-system-sender.ts(69,39): error TS2345: Argument of type '(_alert: PerformanceAlert) => void' is not assignable to parameter of type '(alert: Record<string, unknown>) => void'.
  Types of parameters '_alert' and 'alert' are incompatible.
    Type 'Record<string, unknown>' is missing the following properties from type 'PerformanceAlert': id, timestamp, severity, metric, and 6 more.
src/lib/web-vitals/web-vitals-collector-base.ts(52,5): error TS2741: Property 'userAgent' is missing in type '{ viewport: { width: number; height: number; }; cores?: number; memory?: number; }' but required in type '{ memory?: number; cores?: number; userAgent: string; viewport: { width: number; height: number; }; }'.
src/lib/web-vitals/web-vitals-collector-base.ts(192,5): error TS2741: Property 'firstPaint' is missing in type '{ cls: number; fid: number; lcp: number; fcp: number; ttfb: number; domContentLoaded: number; loadComplete: number; page: { url: string; referrer: string; title: string; timestamp: number; }; device: { ...; }; connection: { ...; }; resourceTiming: { ...; }; }' but required in type 'DetailedWebVitals'.
src/lib/whatsapp-core.ts(18,11): error TS2564: Property 'messageService' has no initializer and is not definitely assigned in the constructor.
src/lib/whatsapp-core.ts(19,11): error TS2564: Property 'mediaService' has no initializer and is not definitely assigned in the constructor.
src/types/test-types.ts(362,35): error TS2344: Type '(locale: string) => void' does not satisfy the constraint '(..._args: unknown[]) => unknown'.
  Types of parameters 'locale' and '_args' are incompatible.
    Type 'unknown' is not assignable to type 'string'.
src/types/test-types.ts(363,33): error TS2344: Type '(locale: string) => void' does not satisfy the constraint '(..._args: unknown[]) => unknown'.
  Types of parameters 'locale' and '_args' are incompatible.
    Type 'unknown' is not assignable to type 'string'.
src/types/test-types.ts(372,36): error TS2344: Type '(success: (position: GeolocationPosition) => void, error?: ((error: GeolocationPositionError) => void) | undefined) => void' does not satisfy the constraint '(..._args: unknown[]) => unknown'.
  Types of parameters 'success' and '_args' are incompatible.
    Type 'unknown' is not assignable to type '(position: GeolocationPosition) => void'.
src/types/test-types.ts(373,31): error TS2344: Type '(success: (position: GeolocationPosition) => void, error?: ((error: GeolocationPositionError) => void) | undefined) => number' does not satisfy the constraint '(..._args: unknown[]) => unknown'.
  Types of parameters 'success' and '_args' are incompatible.
    Type 'unknown' is not assignable to type '(position: GeolocationPosition) => void'.
src/types/test-types.ts(374,28): error TS2344: Type '(watchId: number) => void' does not satisfy the constraint '(..._args: unknown[]) => unknown'.
  Types of parameters 'watchId' and '_args' are incompatible.
    Type 'unknown' is not assignable to type 'number'.
src/types/whatsapp-service-errors.ts(124,3): error TS4114: This member must have an 'override' modifier because it overrides a member in the base class 'WhatsAppError'.
src/types/whatsapp-service-errors.ts(170,3): error TS4114: This member must have an 'override' modifier because it overrides a member in the base class 'WhatsAppError'.
src/types/whatsapp-service-errors.ts(235,3): error TS4114: This member must have an 'override' modifier because it overrides a member in the base class 'WhatsAppError'.
src/types/whatsapp-service-errors.ts(288,3): error TS4114: This member must have an 'override' modifier because it overrides a member in the base class 'WhatsAppError'.
src/types/whatsapp-service-errors.ts(347,3): error TS4114: This member must have an 'override' modifier because it overrides a member in the base class 'WhatsAppError'.
src/types/whatsapp-service-errors.ts(444,7): error TS2345: Argument of type 'unknown' is not assignable to parameter of type 'number | undefined'.
src/types/whatsapp-webhook-messages.ts(103,18): error TS2430: Interface 'IncomingContactsMessage' incorrectly extends interface 'WhatsAppMessage'.
  Types of property 'contacts' are incompatible.
    Type '{ name: { formatted_name: string; first_name?: string; last_name?: string; middle_name?: string; suffix?: string; prefix?: string; }; phones?: { phone: string; type?: string; wa_id?: string; }[]; emails?: { email: string; type?: string; }[]; urls?: { ...; }[]; addresses?: { ...; }[]; org?: { ...; }; birthday?: strin...' is not assignable to type 'WhatsAppContact[]'.
      Type '{ name: { formatted_name: string; first_name?: string; last_name?: string; middle_name?: string; suffix?: string; prefix?: string; }; phones?: { phone: string; type?: string; wa_id?: string; }[]; emails?: { email: string; type?: string; }[]; urls?: { ...; }[]; addresses?: { ...; }[]; org?: { ...; }; birthday?: strin...' is missing the following properties from type 'WhatsAppContact': input, wa_id
src/types/whatsapp-webhook-messages.ts(150,18): error TS2430: Interface 'IncomingInteractiveMessage' incorrectly extends interface 'WhatsAppMessage'.
  Types of property 'type' are incompatible.
    Type '"interactive"' is not assignable to type '"image" | "document" | "text" | "location" | "audio" | "video" | "contacts" | "template"'.
src/types/whatsapp-webhook-messages.ts(171,18): error TS2430: Interface 'IncomingReactionMessage' incorrectly extends interface 'WhatsAppMessage'.
  Types of property 'type' are incompatible.
    Type '"reaction"' is not assignable to type '"image" | "document" | "text" | "location" | "audio" | "video" | "contacts" | "template"'.
src/types/whatsapp-webhook-messages.ts(184,18): error TS2430: Interface 'IncomingStickerMessage' incorrectly extends interface 'WhatsAppMessage'.
  Types of property 'type' are incompatible.
    Type '"sticker"' is not assignable to type '"image" | "document" | "text" | "location" | "audio" | "video" | "contacts" | "template"'.
src/types/whatsapp-webhook-messages.ts(199,18): error TS2430: Interface 'IncomingOrderMessage' incorrectly extends interface 'WhatsAppMessage'.
  Types of property 'type' are incompatible.
    Type '"order"' is not assignable to type '"image" | "document" | "text" | "location" | "audio" | "video" | "contacts" | "template"'.
src/types/whatsapp-webhook-messages.ts(218,18): error TS2430: Interface 'IncomingSystemMessage' incorrectly extends interface 'WhatsAppMessage'.
  Types of property 'type' are incompatible.
    Type '"system"' is not assignable to type '"image" | "document" | "text" | "location" | "audio" | "video" | "contacts" | "template"'.
src/types/whatsapp-webhook-messages.ts(234,18): error TS2430: Interface 'IncomingButtonMessage' incorrectly extends interface 'WhatsAppMessage'.
  Types of property 'type' are incompatible.
    Type '"button"' is not assignable to type '"image" | "document" | "text" | "location" | "audio" | "video" | "contacts" | "template"'.
src/types/whatsapp-webhook-messages.ts(247,18): error TS2430: Interface 'IncomingTemplateReply' incorrectly extends interface 'WhatsAppMessage'.
  Types of property 'type' are incompatible.
    Type '"template_reply"' is not assignable to type '"image" | "document" | "text" | "location" | "audio" | "video" | "contacts" | "template"'.
src/types/whatsapp-webhook-messages.ts(416,12): error TS7053: Element implicitly has an 'any' type because expression of type '"image" | "document" | "audio" | "video" | "sticker"' can't be used to index type 'IncomingImageMessage | IncomingDocumentMessage | IncomingAudioMessage | IncomingVideoMessage | IncomingStickerMessage'.
  Property 'sticker' does not exist on type 'IncomingImageMessage | IncomingDocumentMessage | IncomingAudioMessage | IncomingVideoMessage | IncomingStickerMessage'.
src/types/whatsapp-webhook-utils/functions.ts(35,3): error TS2375: Type '{ code: number; title: string; message: string; error_data: { details: string; } | undefined; }' is not assignable to type 'WebhookError' with 'exactOptionalPropertyTypes: true'. Consider adding 'undefined' to the types of the target's properties.
  Types of property 'error_data' are incompatible.
    Type '{ details: string; } | undefined' is not assignable to type '{ details: string; }'.
      Type 'undefined' is not assignable to type '{ details: string; }'.
src/types/whatsapp-webhook-utils/webhook-utils.ts(41,23): error TS2352: Conversion of type 'WebhookEntry' to type 'Record<string, unknown>' may be a mistake because neither type sufficiently overlaps with the other. If this was intentional, convert the expression to 'unknown' first.
  Index signature for type 'string' is missing in type 'WebhookEntry'.
src/types/whatsapp-webhook-utils/webhook-utils.ts(63,21): error TS2352: Conversion of type 'WebhookPayload' to type 'Record<string, unknown>' may be a mistake because neither type sufficiently overlaps with the other. If this was intentional, convert the expression to 'unknown' first.
  Index signature for type 'string' is missing in type 'WebhookPayload'.
src/types/whatsapp-webhook-utils/webhook-utils.ts(91,23): error TS2345: Argument of type '{ type: "message_received"; timestamp: string; phone_number_id: string; from: string; message: IncomingWhatsAppMessage; contact: WhatsAppContact | undefined; }' is not assignable to parameter of type 'WebhookEvent'.
  Type '{ type: "message_received"; timestamp: string; phone_number_id: string; from: string; message: IncomingWhatsAppMessage; contact: WhatsAppContact | undefined; }' is not assignable to type 'MessageReceivedEvent' with 'exactOptionalPropertyTypes: true'. Consider adding 'undefined' to the types of the target's properties.
    Types of property 'contact' are incompatible.
      Type 'WhatsAppContact | undefined' is not assignable to type 'WhatsAppContact'.
        Type 'undefined' is not assignable to type 'WhatsAppContact'.
src/types/whatsapp-webhook-utils/webhook-utils.ts(240,23): error TS2352: Conversion of type 'MessageReceivedEvent | MessageReadEvent | UserStatusChangeEvent' to type 'Record<string, unknown>' may be a mistake because neither type sufficiently overlaps with the other. If this was intentional, convert the expression to 'unknown' first.
  Type 'UserStatusChangeEvent' is not comparable to type 'Record<string, unknown>'.
    Index signature for type 'string' is missing in type 'UserStatusChangeEvent'.
src/types/whatsapp-webhook-utils/webhook-utils.ts(279,5): error TS2375: Type '{ total_events: number; events_by_type: Record<string, number>; processing_times: { average_ms: number; min_ms: number; max_ms: number; p95_ms: number; p99_ms: number; }; error_rate: number; success_rate: number; last_processed_at: string | undefined; }' is not assignable to type 'EventStatistics' with 'exactOptionalPropertyTypes: true'. Consider adding 'undefined' to the types of the target's properties.
  Types of property 'last_processed_at' are incompatible.
    Type 'string | undefined' is not assignable to type 'string'.
      Type 'undefined' is not assignable to type 'string'.
src/types/whatsapp.ts(11,3): error TS2300: Duplicate identifier 'MessageStatusUpdate'.
src/types/whatsapp.ts(58,39): error TS2300: Duplicate identifier 'WhatsAppApiError'.
src/types/whatsapp.ts(69,48): error TS2300: Duplicate identifier 'MessageStatusUpdate'.
src/types/whatsapp.ts(84,23): error TS2300: Duplicate identifier 'WhatsAppApiError'.
src/types/whatsapp.ts(97,3): error TS2304: Cannot find name 'WhatsAppConfig'.
src/types/whatsapp.ts(98,3): error TS2304: Cannot find name 'WhatsAppMessage'.
src/types/whatsapp.ts(99,3): error TS2304: Cannot find name 'TemplateMessage'.
