
> tucsenberg-web-frontier@0.1.0 type-check /Users/Data/Warehouse/Focus/tucsenberg-web-frontier
> tsc --noEmit

src/lib/locale-storage-maintenance-import-export.ts(57,5): error TS2375: Type '{ preference: UserLocalePreference | undefined; override: Locale | undefined; history: LocaleDetectionHistory | undefined; version: string; timestamp: number; metadata: { ...; }; }' is not assignable to type 'ExportData' with 'exactOptionalPropertyTypes: true'. Consider adding 'undefined' to the types of the target's properties.
  Types of property 'preference' are incompatible.
    Type 'UserLocalePreference | undefined' is not assignable to type 'UserLocalePreference'.
      Type 'undefined' is not assignable to type 'UserLocalePreference'.
src/lib/locale-storage-maintenance-import-export.ts(323,11): error TS2353: Object literal may only specify known properties, and 'message' does not exist in type 'StorageOperationResult<unknown>'.
src/lib/locale-storage-maintenance-import-export.ts(343,9): error TS2353: Object literal may only specify known properties, and 'message' does not exist in type 'StorageOperationResult<unknown>'.
src/lib/locale-storage-maintenance-import-export.ts(350,9): error TS2353: Object literal may only specify known properties, and 'message' does not exist in type 'StorageOperationResult<unknown>'.
src/lib/locale-storage-maintenance-operations.ts(18,3): error TS2305: Module '"./locale-storage-types"' has no exported member 'MaintenanceOptions'.
src/lib/locale-storage-maintenance-operations.ts(121,9): error TS2353: Object literal may only specify known properties, and 'message' does not exist in type 'StorageOperationResult<unknown>'.
src/lib/locale-storage-maintenance-operations.ts(133,9): error TS2353: Object literal may only specify known properties, and 'message' does not exist in type 'StorageOperationResult<unknown>'.
src/lib/locale-storage-maintenance-operations.ts(160,9): error TS2353: Object literal may only specify known properties, and 'message' does not exist in type 'StorageOperationResult<unknown>'.
src/lib/locale-storage-maintenance-operations.ts(167,9): error TS2353: Object literal may only specify known properties, and 'message' does not exist in type 'StorageOperationResult<unknown>'.
src/lib/locale-storage-maintenance-operations.ts(187,11): error TS2353: Object literal may only specify known properties, and 'message' does not exist in type 'StorageOperationResult<unknown>'.
src/lib/locale-storage-maintenance-operations.ts(215,11): error TS2353: Object literal may only specify known properties, and 'message' does not exist in type 'StorageOperationResult<unknown>'.
src/lib/locale-storage-maintenance-operations.ts(223,9): error TS2353: Object literal may only specify known properties, and 'message' does not exist in type 'StorageOperationResult<unknown>'.
src/lib/locale-storage-maintenance-operations.ts(230,9): error TS2353: Object literal may only specify known properties, and 'message' does not exist in type 'StorageOperationResult<unknown>'.
src/lib/locale-storage-maintenance-operations.ts(271,15): error TS2739: Type '{ detections: LocaleDetectionRecord[]; lastUpdated: number; }' is missing the following properties from type 'LocaleDetectionHistory': history, totalDetections
src/lib/locale-storage-maintenance-operations.ts(285,9): error TS2353: Object literal may only specify known properties, and 'message' does not exist in type 'StorageOperationResult<unknown>'.
src/lib/locale-storage-maintenance-operations.ts(292,9): error TS2353: Object literal may only specify known properties, and 'message' does not exist in type 'StorageOperationResult<unknown>'.
src/lib/locale-storage-maintenance-operations.ts(348,9): error TS2353: Object literal may only specify known properties, and 'message' does not exist in type 'StorageOperationResult<unknown>'.
src/lib/locale-storage-maintenance-operations.ts(359,9): error TS2353: Object literal may only specify known properties, and 'message' does not exist in type 'StorageOperationResult<unknown>'.
src/lib/locale-storage-maintenance.ts(24,3): error TS2305: Module '"./locale-storage-types"' has no exported member 'MaintenanceOptions'.
src/lib/locale-storage-maintenance.ts(25,3): error TS2305: Module '"./locale-storage-types"' has no exported member 'ExportData'.
src/lib/locale-storage-maintenance.ts(26,3): error TS2305: Module '"./locale-storage-types"' has no exported member 'ImportData'.
src/lib/locale-storage-manager.ts(31,10): error TS2305: Module '"./locale-storage-analytics"' has no exported member 'LocaleAnalyticsManager'.
src/lib/locale-storage-manager.ts(33,61): error TS2305: Module '"./locale-storage-types"' has no exported member 'MaintenanceOptions'.
src/lib/locale-storage-manager.ts(96,5): error TS2739: Type 'StorageOperationResult<LocaleDetectionHistory>' is missing the following properties from type 'LocaleDetectionHistory': detections, history, lastUpdated, totalDetections
src/lib/locale-storage-preference-events/stats-analyzer.ts(53,22): error TS2532: Object is possibly 'undefined'.
src/lib/locale-storage-preference-events/stats-analyzer.ts(57,22): error TS2532: Object is possibly 'undefined'.
src/lib/locale-storage-preference-events/stats-analyzer.ts(57,45): error TS2532: Object is possibly 'undefined'.
src/lib/locale-storage-preference-events/system-manager.ts(64,46): error TS2532: Object is possibly 'undefined'.
src/lib/locale-storage-preference-override.ts(96,9): error TS2367: This comparison appears to be unintentional because the types 'LocaleSource' and '"user_override"' have no overlap.
src/lib/locale-storage-preference-override.ts(140,9): error TS2367: This comparison appears to be unintentional because the types 'LocaleSource' and '"user_override"' have no overlap.
src/lib/locale-storage-preference-override.ts(190,10): error TS2367: This comparison appears to be unintentional because the types 'LocaleSource | undefined' and '"user_override"' have no overlap.
src/lib/locale-storage-preference-override.ts(285,30): error TS2532: Object is possibly 'undefined'.
src/lib/locale-storage-types-config/presets.ts(116,5): error TS2739: Type '{ enabled: true; conflictResolution: "server"; authentication: { type: "oauth"; credentials: {}; }; }' is missing the following properties from type 'StorageSyncConfig': interval, retryAttempts, timeout
src/lib/locale-storage-types-utils/type-guards.ts(11,3): error TS2724: '"../locale-storage-types-data"' has no exported member named 'StorageConfig'. Did you mean 'StorageSyncConfig'?
src/lib/locale-storage-types-utils/validators.ts(125,11): error TS2532: Object is possibly 'undefined'.
src/lib/locale-storage-types-utils/validators.ts(125,45): error TS2532: Object is possibly 'undefined'.
src/lib/locale-storage-types.ts(23,15): error TS2459: Module '"./locale-storage-types-data"' declares 'LocaleSource' locally, but it is not exported.
src/lib/locale-storage-types.ts(60,3): error TS2552: Cannot find name 'StorageEventType'. Did you mean 'StorageEvent'?
src/lib/locale-storage-types.ts(63,3): error TS2552: Cannot find name 'UserLocalePreference'. Did you mean 'isUserLocalePreference'?
src/lib/locale-storage-types.ts(65,3): error TS2552: Cannot find name 'LocaleDetectionHistory'. Did you mean 'isLocaleDetectionHistory'?
src/lib/locale-storage-types.ts(67,3): error TS2661: Cannot export 'StorageEvent'. Only local declarations can be exported from a module.
src/lib/locale-storage-types.ts(68,3): error TS2552: Cannot find name 'StorageEventListener'. Did you mean 'addEventListener'?
src/lib/locale-storage-types.ts(71,3): error TS2552: Cannot find name 'StorageConfig'. Did you mean 'isStorageConfig'?
src/lib/metadata.ts(2,15): error TS2206: The 'type' modifier cannot be used on a named import when 'import type' is used on its import statement.
src/lib/performance-monitoring-core-config.ts(173,14): error TS2698: Spread types may only be created from object types.
src/lib/performance-monitoring-core-config.ts(185,7): error TS2698: Spread types may only be created from object types.
src/lib/performance-monitoring-core-config.ts(358,24): error TS18048: 'targetConfig' is possibly 'undefined'.
src/lib/performance-monitoring-core-metrics.ts(370,30): error TS2683: 'this' implicitly has type 'any' because it does not have a type annotation.
src/lib/performance-monitoring-core.ts(85,26): error TS2552: Cannot find name 'PerformanceMetricType'. Did you mean 'PerformanceMetrics'?
src/lib/performance-monitoring-core.ts(93,30): error TS2552: Cannot find name 'PerformanceMetricSource'. Did you mean 'PerformanceMetrics'?
src/lib/performance-monitoring-integrations-bundle.ts(347,11): error TS18048: 'largest' is possibly 'undefined'.
src/lib/performance-monitoring-integrations-bundle.ts(348,37): error TS18048: 'largest' is possibly 'undefined'.
src/lib/performance-monitoring-integrations-bundle.ts(348,85): error TS18048: 'largest' is possibly 'undefined'.
src/lib/performance-monitoring-integrations-react-scan.ts(244,11): error TS18048: 'slowestComponent' is possibly 'undefined'.
src/lib/performance-monitoring-integrations-react-scan.ts(245,53): error TS18048: 'slowestComponent' is possibly 'undefined'.
src/lib/performance-monitoring-integrations-react-scan.ts(245,101): error TS18048: 'slowestComponent' is possibly 'undefined'.
src/lib/performance-monitoring-integrations-vitals.ts(238,24): error TS2551: Property 'LCP' does not exist on type '{ cls?: number; fid?: number; lcp?: number; }'. Did you mean 'lcp'?
src/lib/performance-monitoring-integrations-vitals.ts(238,50): error TS2551: Property 'LCP' does not exist on type '{ cls?: number; fid?: number; lcp?: number; }'. Did you mean 'lcp'?
src/lib/performance-monitoring-integrations-vitals.ts(238,82): error TS2551: Property 'LCP' does not exist on type '{ cls?: number; fid?: number; lcp?: number; }'. Did you mean 'lcp'?
src/lib/performance-monitoring-integrations-vitals.ts(238,106): error TS2551: Property 'LCP' does not exist on type '{ cls?: number; fid?: number; lcp?: number; }'. Did you mean 'lcp'?
src/lib/performance-monitoring-integrations-vitals.ts(242,24): error TS2551: Property 'FID' does not exist on type '{ cls?: number; fid?: number; lcp?: number; }'. Did you mean 'fid'?
src/lib/performance-monitoring-integrations-vitals.ts(242,50): error TS2551: Property 'FID' does not exist on type '{ cls?: number; fid?: number; lcp?: number; }'. Did you mean 'fid'?
src/lib/performance-monitoring-integrations-vitals.ts(242,82): error TS2551: Property 'FID' does not exist on type '{ cls?: number; fid?: number; lcp?: number; }'. Did you mean 'fid'?
src/lib/performance-monitoring-integrations-vitals.ts(242,106): error TS2551: Property 'FID' does not exist on type '{ cls?: number; fid?: number; lcp?: number; }'. Did you mean 'fid'?
src/lib/performance-monitoring-integrations-vitals.ts(246,24): error TS2551: Property 'CLS' does not exist on type '{ cls?: number; fid?: number; lcp?: number; }'. Did you mean 'cls'?
src/lib/performance-monitoring-integrations-vitals.ts(246,50): error TS2551: Property 'CLS' does not exist on type '{ cls?: number; fid?: number; lcp?: number; }'. Did you mean 'cls'?
src/lib/performance-monitoring-integrations-vitals.ts(246,82): error TS2551: Property 'CLS' does not exist on type '{ cls?: number; fid?: number; lcp?: number; }'. Did you mean 'cls'?
src/lib/performance-monitoring-integrations-vitals.ts(246,106): error TS2551: Property 'CLS' does not exist on type '{ cls?: number; fid?: number; lcp?: number; }'. Did you mean 'cls'?
src/lib/performance-monitoring-integrations-web-eval.ts(321,11): error TS18048: 'slowestAction' is possibly 'undefined'.
src/lib/performance-monitoring-integrations-web-eval.ts(322,41): error TS18048: 'slowestAction' is possibly 'undefined'.
src/lib/performance-monitoring-integrations-web-eval.ts(322,75): error TS18048: 'slowestAction' is possibly 'undefined'.
src/lib/security-file-upload.ts(146,41): error TS2345: Argument of type 'string' is not assignable to parameter of type '".exe" | ".bat" | ".cmd" | ".scr" | ".pif" | ".js" | ".vbs" | ".jar" | ".com" | ".msi" | ".dll" | ".app" | ".deb" | ".rpm" | ".dmg" | ".pkg" | ".sh" | ".ps1" | ".php" | ".asp" | ".aspx" | ".jsp"'.
src/lib/security-file-upload.ts(269,45): error TS2345: Argument of type 'string' is not assignable to parameter of type '"image/jpeg" | "image/png" | "image/gif" | "image/webp" | "image/svg+xml"'.
src/lib/security-file-upload.ts(276,48): error TS2345: Argument of type 'string' is not assignable to parameter of type '"application/pdf" | "text/plain" | "text/csv" | "application/msword" | "application/vnd.openxmlformats-officedocument.wordprocessingml.document" | "application/vnd.ms-excel" | "application/vnd.openxmlformats-officedocument.spreadsheetml.sheet"'.
src/lib/security-file-upload.ts(284,24): error TS2345: Argument of type 'string' is not assignable to parameter of type 'never'.
src/lib/security-file-upload.ts(331,39): error TS2345: Argument of type 'File | undefined' is not assignable to parameter of type 'File'.
  Type 'undefined' is not assignable to type 'File'.
src/lib/security-file-upload.ts(335,34): error TS2532: Object is possibly 'undefined'.
src/lib/security-tokens.ts(55,17): error TS2532: Object is possibly 'undefined'.
src/lib/security-tokens.ts(56,17): error TS2532: Object is possibly 'undefined'.
src/lib/security-tokens.ts(120,24): error TS2532: Object is possibly 'undefined'.
src/lib/security-tokens.ts(144,23): error TS2532: Object is possibly 'undefined'.
src/lib/security.ts(14,3): error TS2323: Cannot redeclare exported variable 'sanitizeInput'.
src/lib/security.ts(14,3): error TS2484: Export declaration conflicts with exported declaration of 'sanitizeInput'.
src/lib/security.ts(111,17): error TS2323: Cannot redeclare exported variable 'sanitizeInput'.
src/lib/seo-metadata.ts(4,15): error TS2206: The 'type' modifier cannot be used on a named import when 'import type' is used on its import statement.
src/lib/theme-analytics-utils.ts(27,27): error TS2532: Object is possibly 'undefined'.
src/lib/translation-manager-core.ts(11,14): error TS2420: Class 'TranslationManagerCore' incorrectly implements interface 'TranslationQualityCheck'.
  Type 'TranslationManagerCore' is missing the following properties from type 'TranslationQualityCheck': checkLingoTranslation, validateTranslationConsistency
src/lib/translation-manager-quality.ts(44,55): error TS2551: Property 'checkTranslations' does not exist on type 'TranslationQualityChecker'. Did you mean 'checkLingoTranslation'?
src/lib/translation-manager-quality.ts(54,9): error TS2353: Object literal may only specify known properties, and 'translatedKeys' does not exist in type 'LocaleQualityReport'.
src/lib/translation-manager-quality.ts(70,7): error TS2353: Object literal may only specify known properties, and 'byLocale' does not exist in type 'ValidationReport'.
src/lib/translation-manager-quality.ts(74,47): error TS2367: This comparison appears to be unintentional because the types '"low" | "medium" | "high" | "critical"' and '"warning"' have no overlap.
src/lib/translation-manager-quality.ts(75,44): error TS2367: This comparison appears to be unintentional because the types '"low" | "medium" | "high" | "critical"' and '"info"' have no overlap.
src/lib/translation-manager-quality.ts(93,9): error TS2353: Object literal may only specify known properties, and 'period' does not exist in type 'QualityTrend[]'.
src/lib/translation-manager-quality.ts(121,11): error TS2353: Object literal may only specify known properties, and 'locale' does not exist in type 'QualityIssue'.
src/lib/translation-manager-quality.ts(155,11): error TS2353: Object literal may only specify known properties, and 'locale' does not exist in type 'QualityIssue'.
src/lib/translation-manager-quality.ts(188,7): error TS2353: Object literal may only specify known properties, and 'overall' does not exist in type 'QualityScore'.
src/lib/translation-manager-quality.ts(201,57): error TS2367: This comparison appears to be unintentional because the types '"low" | "medium" | "high" | "critical"' and '"warning"' have no overlap.
src/lib/translation-manager.ts(14,14): error TS2420: Class 'TranslationManager' incorrectly implements interface 'TranslationQualityCheck'.
  Type 'TranslationManager' is missing the following properties from type 'TranslationQualityCheck': checkLingoTranslation, validateTranslationConsistency
src/lib/translation-quality.ts(12,3): error TS2305: Module '"@/types/translation-manager"' has no exported member 'BatchTranslationInput'.
src/lib/translation-quality.ts(13,3): error TS2305: Module '"@/types/translation-manager"' has no exported member 'QualityComparison'.
src/lib/translation-quality.ts(159,36): error TS2551: Property 'validateTranslationConsistency' does not exist on type 'TranslationManager'. Did you mean 'validateTranslations'?
src/lib/web-vitals/alert-system-sender.ts(69,39): error TS2345: Argument of type '(_alert: PerformanceAlert) => void' is not assignable to parameter of type '(alert: Record<string, unknown>) => void'.
  Types of parameters '_alert' and 'alert' are incompatible.
    Type 'Record<string, unknown>' is missing the following properties from type 'PerformanceAlert': id, timestamp, severity, metric, and 6 more.
src/lib/web-vitals/web-vitals-collector-base.ts(52,5): error TS2741: Property 'userAgent' is missing in type '{ viewport: { width: number; height: number; }; cores?: number; memory?: number; }' but required in type '{ memory?: number; cores?: number; userAgent: string; viewport: { width: number; height: number; }; }'.
src/lib/web-vitals/web-vitals-collector-base.ts(192,5): error TS2741: Property 'firstPaint' is missing in type '{ cls: number; fid: number; lcp: number; fcp: number; ttfb: number; domContentLoaded: number; loadComplete: number; page: { url: string; referrer: string; title: string; timestamp: number; }; device: { memory?: number; cores?: number; userAgent: string; viewport: { width: number; height: number; }; }; connection: { ...' but required in type 'DetailedWebVitals'.
src/lib/whatsapp-core.ts(18,11): error TS2564: Property 'messageService' has no initializer and is not definitely assigned in the constructor.
src/lib/whatsapp-core.ts(19,11): error TS2564: Property 'mediaService' has no initializer and is not definitely assigned in the constructor.
src/lib/whatsapp.ts(29,14): error TS2339: Property 'WHATSAPP_ACCESS_TOKEN' does not exist on type 'EnvVariables'.
src/lib/whatsapp.ts(34,31): error TS2339: Property 'WHATSAPP_PHONE_NUMBER_ID' does not exist on type 'EnvVariables'.
src/lib/whatsapp.ts(35,22): error TS2339: Property 'WHATSAPP_PHONE_NUMBER_ID' does not exist on type 'EnvVariables'.
src/lib/whatsapp.ts(39,13): error TS2339: Property 'WHATSAPP_ACCESS_TOKEN' does not exist on type 'EnvVariables'.
src/lib/whatsapp.ts(40,55): error TS2339: Property 'WHATSAPP_ACCESS_TOKEN' does not exist on type 'EnvVariables'.
src/lib/whatsapp.ts(102,47): error TS2339: Property 'WHATSAPP_WEBHOOK_VERIFY_TOKEN' does not exist on type 'EnvVariables'.
src/services/url-generator.ts(8,15): error TS2206: The 'type' modifier cannot be used on a named import when 'import type' is used on its import statement.
src/types/test-types.ts(362,35): error TS2344: Type '(locale: string) => void' does not satisfy the constraint '(..._args: unknown[]) => unknown'.
  Types of parameters 'locale' and '_args' are incompatible.
    Type 'unknown' is not assignable to type 'string'.
src/types/test-types.ts(363,33): error TS2344: Type '(locale: string) => void' does not satisfy the constraint '(..._args: unknown[]) => unknown'.
  Types of parameters 'locale' and '_args' are incompatible.
    Type 'unknown' is not assignable to type 'string'.
src/types/test-types.ts(372,36): error TS2344: Type '(success: (position: GeolocationPosition) => void, error?: ((error: GeolocationPositionError) => void) | undefined) => void' does not satisfy the constraint '(..._args: unknown[]) => unknown'.
  Types of parameters 'success' and '_args' are incompatible.
    Type 'unknown' is not assignable to type '(position: GeolocationPosition) => void'.
src/types/test-types.ts(373,31): error TS2344: Type '(success: (position: GeolocationPosition) => void, error?: ((error: GeolocationPositionError) => void) | undefined) => number' does not satisfy the constraint '(..._args: unknown[]) => unknown'.
  Types of parameters 'success' and '_args' are incompatible.
    Type 'unknown' is not assignable to type '(position: GeolocationPosition) => void'.
src/types/test-types.ts(374,28): error TS2344: Type '(watchId: number) => void' does not satisfy the constraint '(..._args: unknown[]) => unknown'.
  Types of parameters 'watchId' and '_args' are incompatible.
    Type 'unknown' is not assignable to type 'number'.
src/types/whatsapp-service-errors.ts(124,3): error TS4114: This member must have an 'override' modifier because it overrides a member in the base class 'WhatsAppError'.
src/types/whatsapp-service-errors.ts(170,3): error TS4114: This member must have an 'override' modifier because it overrides a member in the base class 'WhatsAppError'.
src/types/whatsapp-service-errors.ts(235,3): error TS4114: This member must have an 'override' modifier because it overrides a member in the base class 'WhatsAppError'.
src/types/whatsapp-service-errors.ts(288,3): error TS4114: This member must have an 'override' modifier because it overrides a member in the base class 'WhatsAppError'.
src/types/whatsapp-service-errors.ts(347,3): error TS4114: This member must have an 'override' modifier because it overrides a member in the base class 'WhatsAppError'.
src/types/whatsapp-service-errors.ts(444,7): error TS2345: Argument of type 'unknown' is not assignable to parameter of type 'number | undefined'.
src/types/whatsapp-webhook-messages.ts(103,18): error TS2430: Interface 'IncomingContactsMessage' incorrectly extends interface 'WhatsAppMessage'.
  Types of property 'contacts' are incompatible.
    Type '{ name: { formatted_name: string; first_name?: string; last_name?: string; middle_name?: string; suffix?: string; prefix?: string; }; phones?: { phone: string; type?: string; wa_id?: string; }[]; emails?: { email: string; type?: string; }[]; urls?: { ...; }[]; addresses?: { ...; }[]; org?: { ...; }; birthday?: strin...' is not assignable to type 'WhatsAppContact[]'.
      Type '{ name: { formatted_name: string; first_name?: string; last_name?: string; middle_name?: string; suffix?: string; prefix?: string; }; phones?: { phone: string; type?: string; wa_id?: string; }[]; emails?: { email: string; type?: string; }[]; urls?: { ...; }[]; addresses?: { ...; }[]; org?: { ...; }; birthday?: strin...' is missing the following properties from type 'WhatsAppContact': input, wa_id
src/types/whatsapp-webhook-messages.ts(150,18): error TS2430: Interface 'IncomingInteractiveMessage' incorrectly extends interface 'WhatsAppMessage'.
  Types of property 'type' are incompatible.
    Type '"interactive"' is not assignable to type '"document" | "location" | "image" | "text" | "audio" | "video" | "contacts" | "template"'.
src/types/whatsapp-webhook-messages.ts(171,18): error TS2430: Interface 'IncomingReactionMessage' incorrectly extends interface 'WhatsAppMessage'.
  Types of property 'type' are incompatible.
    Type '"reaction"' is not assignable to type '"document" | "location" | "image" | "text" | "audio" | "video" | "contacts" | "template"'.
src/types/whatsapp-webhook-messages.ts(184,18): error TS2430: Interface 'IncomingStickerMessage' incorrectly extends interface 'WhatsAppMessage'.
  Types of property 'type' are incompatible.
    Type '"sticker"' is not assignable to type '"document" | "location" | "image" | "text" | "audio" | "video" | "contacts" | "template"'.
src/types/whatsapp-webhook-messages.ts(199,18): error TS2430: Interface 'IncomingOrderMessage' incorrectly extends interface 'WhatsAppMessage'.
  Types of property 'type' are incompatible.
    Type '"order"' is not assignable to type '"document" | "location" | "image" | "text" | "audio" | "video" | "contacts" | "template"'.
src/types/whatsapp-webhook-messages.ts(218,18): error TS2430: Interface 'IncomingSystemMessage' incorrectly extends interface 'WhatsAppMessage'.
  Types of property 'type' are incompatible.
    Type '"system"' is not assignable to type '"document" | "location" | "image" | "text" | "audio" | "video" | "contacts" | "template"'.
src/types/whatsapp-webhook-messages.ts(234,18): error TS2430: Interface 'IncomingButtonMessage' incorrectly extends interface 'WhatsAppMessage'.
  Types of property 'type' are incompatible.
    Type '"button"' is not assignable to type '"document" | "location" | "image" | "text" | "audio" | "video" | "contacts" | "template"'.
src/types/whatsapp-webhook-messages.ts(247,18): error TS2430: Interface 'IncomingTemplateReply' incorrectly extends interface 'WhatsAppMessage'.
  Types of property 'type' are incompatible.
    Type '"template_reply"' is not assignable to type '"document" | "location" | "image" | "text" | "audio" | "video" | "contacts" | "template"'.
src/types/whatsapp-webhook-messages.ts(400,14): error TS2532: Object is possibly 'undefined'.
src/types/whatsapp-webhook-messages.ts(416,12): error TS7053: Element implicitly has an 'any' type because expression of type '"document" | "image" | "audio" | "video" | "sticker"' can't be used to index type 'IncomingImageMessage | IncomingDocumentMessage | IncomingAudioMessage | IncomingVideoMessage | IncomingStickerMessage'.
  Property 'sticker' does not exist on type 'IncomingImageMessage | IncomingDocumentMessage | IncomingAudioMessage | IncomingVideoMessage | IncomingStickerMessage'.
src/types/whatsapp-webhook-utils/functions.ts(35,3): error TS2375: Type '{ code: number; title: string; message: string; error_data: { details: string; } | undefined; }' is not assignable to type 'WebhookError' with 'exactOptionalPropertyTypes: true'. Consider adding 'undefined' to the types of the target's properties.
  Types of property 'error_data' are incompatible.
    Type '{ details: string; } | undefined' is not assignable to type '{ details: string; }'.
      Type 'undefined' is not assignable to type '{ details: string; }'.
src/types/whatsapp-webhook-utils/webhook-utils.ts(41,23): error TS2352: Conversion of type 'WebhookEntry' to type 'Record<string, unknown>' may be a mistake because neither type sufficiently overlaps with the other. If this was intentional, convert the expression to 'unknown' first.
  Index signature for type 'string' is missing in type 'WebhookEntry'.
src/types/whatsapp-webhook-utils/webhook-utils.ts(63,21): error TS2352: Conversion of type 'WebhookPayload' to type 'Record<string, unknown>' may be a mistake because neither type sufficiently overlaps with the other. If this was intentional, convert the expression to 'unknown' first.
  Index signature for type 'string' is missing in type 'WebhookPayload'.
src/types/whatsapp-webhook-utils/webhook-utils.ts(91,23): error TS2345: Argument of type '{ type: "message_received"; timestamp: string; phone_number_id: string; from: string; message: IncomingWhatsAppMessage; contact: WhatsAppContact | undefined; }' is not assignable to parameter of type 'WebhookEvent'.
  Type '{ type: "message_received"; timestamp: string; phone_number_id: string; from: string; message: IncomingWhatsAppMessage; contact: WhatsAppContact | undefined; }' is not assignable to type 'MessageReceivedEvent' with 'exactOptionalPropertyTypes: true'. Consider adding 'undefined' to the types of the target's properties.
    Types of property 'contact' are incompatible.
      Type 'WhatsAppContact | undefined' is not assignable to type 'WhatsAppContact'.
        Type 'undefined' is not assignable to type 'WhatsAppContact'.
src/types/whatsapp-webhook-utils/webhook-utils.ts(240,23): error TS2352: Conversion of type 'MessageReceivedEvent | MessageReadEvent | UserStatusChangeEvent' to type 'Record<string, unknown>' may be a mistake because neither type sufficiently overlaps with the other. If this was intentional, convert the expression to 'unknown' first.
  Type 'UserStatusChangeEvent' is not comparable to type 'Record<string, unknown>'.
    Index signature for type 'string' is missing in type 'UserStatusChangeEvent'.
src/types/whatsapp-webhook-utils/webhook-utils.ts(279,5): error TS2375: Type '{ total_events: number; events_by_type: Record<string, number>; processing_times: { average_ms: number; min_ms: number; max_ms: number; p95_ms: number; p99_ms: number; }; error_rate: number; success_rate: number; last_processed_at: string | undefined; }' is not assignable to type 'EventStatistics' with 'exactOptionalPropertyTypes: true'. Consider adding 'undefined' to the types of the target's properties.
  Types of property 'last_processed_at' are incompatible.
    Type 'string | undefined' is not assignable to type 'string'.
      Type 'undefined' is not assignable to type 'string'.
src/types/whatsapp.ts(11,3): error TS2300: Duplicate identifier 'MessageStatusUpdate'.
src/types/whatsapp.ts(58,39): error TS2300: Duplicate identifier 'WhatsAppApiError'.
src/types/whatsapp.ts(63,39): error TS2300: Duplicate identifier 'isWhatsAppApiError'.
src/types/whatsapp.ts(63,39): error TS2724: '"./whatsapp-api-types"' has no exported member named 'isWhatsAppApiError'. Did you mean 'WhatsAppApiError'?
src/types/whatsapp.ts(69,48): error TS2300: Duplicate identifier 'MessageStatusUpdate'.
src/types/whatsapp.ts(76,3): error TS2724: '"./whatsapp-webhook-types"' has no exported member named 'isIncomingTextMessage'. Did you mean 'IncomingTextMessage'?
src/types/whatsapp.ts(76,26): error TS2724: '"./whatsapp-webhook-types"' has no exported member named 'isIncomingImageMessage'. Did you mean 'IncomingImageMessage'?
src/types/whatsapp.ts(76,50): error TS2724: '"./whatsapp-webhook-types"' has no exported member named 'isIncomingDocumentMessage'. Did you mean 'IncomingDocumentMessage'?
src/types/whatsapp.ts(76,77): error TS2724: '"./whatsapp-webhook-types"' has no exported member named 'isIncomingAudioMessage'. Did you mean 'IncomingAudioMessage'?
src/types/whatsapp.ts(77,3): error TS2724: '"./whatsapp-webhook-types"' has no exported member named 'isIncomingVideoMessage'. Did you mean 'IncomingVideoMessage'?
src/types/whatsapp.ts(77,27): error TS2724: '"./whatsapp-webhook-types"' has no exported member named 'isIncomingLocationMessage'. Did you mean 'IncomingLocationMessage'?
src/types/whatsapp.ts(77,54): error TS2724: '"./whatsapp-webhook-types"' has no exported member named 'isIncomingContactsMessage'. Did you mean 'IncomingContactsMessage'?
src/types/whatsapp.ts(77,81): error TS2724: '"./whatsapp-webhook-types"' has no exported member named 'isIncomingInteractiveMessage'. Did you mean 'IncomingInteractiveMessage'?
src/types/whatsapp.ts(78,3): error TS2724: '"./whatsapp-webhook-types"' has no exported member named 'isIncomingReactionMessage'. Did you mean 'IncomingReactionMessage'?
src/types/whatsapp.ts(78,30): error TS2724: '"./whatsapp-webhook-types"' has no exported member named 'isIncomingStickerMessage'. Did you mean 'IncomingStickerMessage'?
src/types/whatsapp.ts(79,3): error TS2724: '"./whatsapp-webhook-types"' has no exported member named 'isValidWebhookPayload'. Did you mean 'isWebhookPayload'?
src/types/whatsapp.ts(79,26): error TS2305: Module '"./whatsapp-webhook-types"' has no exported member 'isValidWebhookVerification'.
src/types/whatsapp.ts(86,23): error TS2300: Duplicate identifier 'WhatsAppApiError'.
src/types/whatsapp.ts(92,20): error TS2300: Duplicate identifier 'isWhatsAppApiError'.
src/types/whatsapp.ts(99,3): error TS2304: Cannot find name 'WhatsAppConfig'.
src/types/whatsapp.ts(100,3): error TS2304: Cannot find name 'WhatsAppMessage'.
src/types/whatsapp.ts(101,3): error TS2304: Cannot find name 'TemplateMessage'.
 ELIFECYCLE  Command failed with exit code 1.
